{"order":["U","I","T","R"],"id":"raspberrypi","data":[],"time":"2019-06-14 15:23:48"}
{"order":["U","I","T","R"],"id":"raspberrypi","data":[],"time":"2019-06-14 15:23:50"}
{"order":["U","I","T","R"],"id":"raspberrypi","data":[],"time":"2019-06-14 15:24:15"}
{"order":["U","I","T","R"],"id":"raspberrypi","data":[],"time":"2019-06-14 15:24:34"}
{"order":["U","I","T","R"],"id":"raspberrypi","data":[],"time":"2019-06-14 15:24:37"}
{"order":["U","I","T","R"],"id":"raspberrypi","data":[],"time":"2019-06-14 15:25:17"}
{"order":["U","I","T","R"],"id":"raspberrypi","data":[],"time":"2019-06-14 15:25:20"}
{"order":["U","I","T","R"],"id":"raspberrypi","data":[],"time":"2019-06-14 15:25:33"}
{"order":["U","I","T","R"],"id":"raspberrypi","data":[],"time":"2019-06-14 15:26:02"}
{"order":["U","I","T","R"],"id":"raspberrypi","data":[],"time":"2019-06-14 15:26:32"}
{"order":["U","I","T","R"],"id":"raspberrypi","data":[],"time":"2019-06-14 15:26:41"}
{"time":"2019-06-14 15:31:42","id":"raspberrypi","order":["U","I","T","R"],"data":[]}
{"time":"2019-06-14 15:31:53","id":"raspberrypi","order":["U","I","T","R"],"data":[]}
{"time":"2019-06-14 15:31:56","id":"raspberrypi","order":["U","I","T","R"],"data":[]}
{"time":"2019-06-14 15:32:02","id":"raspberrypi","order":["U","I","T","R"],"data":[]}
{"time":"2019-06-14 15:32:14","id":"raspberrypi","order":["U","I","T","R"],"data":[]}
{"time":"2019-06-14 15:32:26","id":"raspberrypi","order":["U","I","T","R"],"data":[]}
{"time":"2019-06-14 15:32:38","id":"raspberrypi","order":["U","I","T","R"],"data":[]}
{"time":"2019-06-14 15:32:50","id":"raspberrypi","order":["U","I","T","R"],"data":[]}
{"time":"2019-06-14 15:33:03","id":"raspberrypi","order":["U","I","T","R"],"data":[]}
{"time":"2019-06-14 15:33:15","id":"raspberrypi","order":["U","I","T","R"],"data":[]}
{"time":"2019-06-14 15:33:27","id":"raspberrypi","order":["U","I","T","R"],"data":[]}
{"time":"2019-06-14 15:33:40","id":"raspberrypi","order":["U","I","T","R"],"data":[]}
{"time":"2019-06-14 15:33:52","id":"raspberrypi","order":["U","I","T","R"],"data":[]}
{"time":"2019-06-14 15:33:57","id":"raspberrypi","order":["U","I","T","R"],"data":[]}
{"time":"2019-06-14 15:34:14","id":"raspberrypi","order":["U","I","T","R"],"data":[]}
{"time":"2019-06-14 15:34:16","id":"raspberrypi","order":["U","I","T","R"],"data":[]}
{"time":"2019-06-14 15:34:25","id":"raspberrypi","order":["U","I","T","R"],"data":[]}
{"time":"2019-06-14 15:34:29","id":"raspberrypi","order":["U","I","T","R"],"data":[]}
{"time":"2019-06-14 15:34:54","id":"raspberrypi","order":["U","I","T","R"],"data":[]}
{"time":"2019-06-14 15:34:56","id":"raspberrypi","order":["U","I","T","R"],"data":[]}
{"time":"2019-06-14 15:35:11","id":"raspberrypi","order":["U","I","T","R"],"data":[]}
{"time":"2019-06-14 15:35:26","id":"raspberrypi","order":["U","I","T","R"],"data":[]}
{"time":"2019-06-14 15:35:48","id":"raspberrypi","order":["U","I","T","R"],"data":[]}
{"time":"2019-06-14 15:35:53","id":"raspberrypi","order":["U","I","T","R"],"data":[]}
{"time":"2019-06-14 15:36:12","id":"raspberrypi","order":["U","I","T","R"],"data":[]}
{"time":"2019-06-14 15:36:14","id":"raspberrypi","order":["U","I","T","R"],"data":[]}
{"time":"2019-06-14 15:36:24","id":"raspberrypi","order":["U","I","T","R"],"data":[]}
{"time":"2019-06-14 15:36:32","id":"raspberrypi","order":["U","I","T","R"],"data":[]}
{"time":"2019-06-14 15:36:43","id":"raspberrypi","order":["U","I","T","R"],"data":[]}
{"time":"2019-06-14 15:36:52","id":"raspberrypi","order":["U","I","T","R"],"data":[]}
{"time":"2019-06-14 15:37:13","id":"raspberrypi","order":["U","I","T","R"],"data":[]}
{"time":"2019-06-14 15:37:26","id":"raspberrypi","order":["U","I","T","R"],"data":[]}
{"time":"2019-06-14 15:37:38","id":"raspberrypi","order":["U","I","T","R"],"data":[]}
{"time":"2019-06-14 15:37:51","id":"raspberrypi","order":["U","I","T","R"],"data":[]}
{"time":"2019-06-14 15:38:05","id":"raspberrypi","order":["U","I","T","R"],"data":[]}
{"time":"2019-06-14 15:38:16","id":"raspberrypi","order":["U","I","T","R"],"data":[]}
{"time":"2019-06-14 15:38:26","id":"raspberrypi","order":["U","I","T","R"],"data":[]}
{"time":"2019-06-14 15:38:39","id":"raspberrypi","order":["U","I","T","R"],"data":[]}
{"time":"2019-06-14 15:38:51","id":"raspberrypi","order":["U","I","T","R"],"data":[]}
{"time":"2019-06-14 15:39:04","id":"raspberrypi","order":["U","I","T","R"],"data":[]}
{"time":"2019-06-14 15:39:16","id":"raspberrypi","order":["U","I","T","R"],"data":[]}
{"time":"2019-06-14 15:39:28","id":"raspberrypi","order":["U","I","T","R"],"data":[]}
{"time":"2019-06-14 15:39:42","id":"raspberrypi","order":["U","I","T","R"],"data":[]}
{"time":"2019-06-14 15:39:54","id":"raspberrypi","order":["U","I","T","R"],"data":[]}
{"time":"2019-06-14 15:40:07","id":"raspberrypi","order":["U","I","T","R"],"data":[]}
{"time":"2019-06-14 15:40:20","id":"raspberrypi","order":["U","I","T","R"],"data":[]}
{"time":"2019-06-14 15:40:33","id":"raspberrypi","order":["U","I","T","R"],"data":[]}
{"time":"2019-06-14 15:40:50","id":"raspberrypi","order":["U","I","T","R"],"data":[]}
{"order":["U","I","T","R"],"time":"2019-06-14 15:41:18","data":[],"id":"raspberrypi"}
{"order":["U","I","T","R"],"time":"2019-06-14 15:41:20","data":[],"id":"raspberrypi"}
{"order":["U","I","T","R"],"time":"2019-06-14 15:41:30","data":[],"id":"raspberrypi"}
{"order":["U","I","T","R"],"time":"2019-06-14 15:41:49","data":[],"id":"raspberrypi"}
{"order":["U","I","T","R"],"time":"2019-06-14 15:41:51","data":[],"id":"raspberrypi"}
{"order":["U","I","T","R"],"time":"2019-06-14 15:41:58","data":[],"id":"raspberrypi"}
{"order":["U","I","T","R"],"time":"2019-06-14 15:42:03","data":[],"id":"raspberrypi"}
{"order":["U","I","T","R"],"time":"2019-06-14 15:42:14","data":[],"id":"raspberrypi"}
{"order":["U","I","T","R"],"time":"2019-06-14 15:42:16","data":[],"id":"raspberrypi"}
{"order":["U","I","T","R"],"time":"2019-06-14 15:42:22","data":[],"id":"raspberrypi"}
{"order":["U","I","T","R"],"time":"2019-06-14 15:42:25","data":[],"id":"raspberrypi"}
{"order":["U","I","T","R"],"time":"2019-06-14 15:42:38","data":[],"id":"raspberrypi"}
{"order":["U","I","T","R"],"time":"2019-06-14 15:42:47","data":[],"id":"raspberrypi"}
{"order":["U","I","T","R"],"time":"2019-06-14 15:42:49","data":[],"id":"raspberrypi"}
{"order":["U","I","T","R"],"time":"2019-06-14 15:43:00","data":[],"id":"raspberrypi"}
{"order":["U","I","T","R"],"time":"2019-06-14 15:43:08","data":[],"id":"raspberrypi"}
{"data":[],"id":"raspberrypi","order":["U","I","T","R"],"time":"2019-06-14 15:49:00"}
{"data":[],"id":"raspberrypi","order":["U","I","T","R"],"time":"2019-06-14 15:49:16"}
{"data":[],"id":"raspberrypi","order":["U","I","T","R"],"time":"2019-06-14 15:49:18"}
{"data":[],"id":"raspberrypi","order":["U","I","T","R"],"time":"2019-06-14 15:49:45"}
{"data":[],"id":"raspberrypi","order":["U","I","T","R"],"time":"2019-06-14 15:50:01"}
{"data":[],"id":"raspberrypi","order":["U","I","T","R"],"time":"2019-06-14 15:50:04"}
{"data":[],"id":"raspberrypi","order":["U","I","T","R"],"time":"2019-06-14 15:50:16"}
{"data":[],"id":"raspberrypi","order":["U","I","T","R"],"time":"2019-06-14 15:50:20"}
{"data":[],"id":"raspberrypi","order":["U","I","T","R"],"time":"2019-06-14 15:50:25"}
{"data":[],"id":"raspberrypi","order":["U","I","T","R"],"time":"2019-06-14 15:50:26"}
{"data":[],"id":"raspberrypi","order":["U","I","T","R"],"time":"2019-06-14 15:50:41"}
{"data":[],"id":"raspberrypi","order":["U","I","T","R"],"time":"2019-06-14 15:50:50"}
{"data":[],"id":"raspberrypi","order":["U","I","T","R"],"time":"2019-06-14 15:50:52"}
{"data":[],"id":"raspberrypi","order":["U","I","T","R"],"time":"2019-06-14 15:51:06"}
{"data":[],"id":"raspberrypi","order":["U","I","T","R"],"time":"2019-06-14 15:51:08"}
{"data":[],"id":"raspberrypi","order":["U","I","T","R"],"time":"2019-06-14 15:51:16"}
{"data":[],"id":"raspberrypi","order":["U","I","T","R"],"time":"2019-06-14 15:51:29"}
{"data":[],"id":"raspberrypi","order":["U","I","T","R"],"time":"2019-06-14 15:51:37"}
{"data":[],"id":"raspberrypi","order":["U","I","T","R"],"time":"2019-06-14 15:51:54"}
{"data":[],"id":"raspberrypi","order":["U","I","T","R"],"time":"2019-06-14 15:51:57"}
{"data":[],"id":"raspberrypi","order":["U","I","T","R"],"time":"2019-06-14 15:52:08"}
{"data":[],"id":"raspberrypi","order":["U","I","T","R"],"time":"2019-06-14 15:52:12"}
{"data":[],"id":"raspberrypi","order":["U","I","T","R"],"time":"2019-06-14 15:52:24"}
{"data":[],"id":"raspberrypi","order":["U","I","T","R"],"time":"2019-06-14 15:52:27"}
{"data":[],"id":"raspberrypi","order":["U","I","T","R"],"time":"2019-06-14 15:52:39"}
{"data":[],"id":"raspberrypi","order":["U","I","T","R"],"time":"2019-06-14 15:52:51"}
{"data":[],"order":["U","I","T","R"],"time":"2019-06-14 15:53:26","id":"raspberrypi"}
{"data":[],"order":["U","I","T","R"],"time":"2019-06-14 15:53:29","id":"raspberrypi"}
{"data":[],"order":["U","I","T","R"],"time":"2019-06-14 15:53:47","id":"raspberrypi"}
{"data":[],"order":["U","I","T","R"],"time":"2019-06-14 15:53:49","id":"raspberrypi"}
{"data":[],"order":["U","I","T","R"],"time":"2019-06-14 15:53:53","id":"raspberrypi"}
{"data":[],"order":["U","I","T","R"],"time":"2019-06-14 15:53:56","id":"raspberrypi"}
{"data":[],"order":["U","I","T","R"],"time":"2019-06-14 15:54:15","id":"raspberrypi"}
{"data":[],"order":["U","I","T","R"],"time":"2019-06-14 15:54:17","id":"raspberrypi"}
{"data":[],"order":["U","I","T","R"],"time":"2019-06-14 15:54:30","id":"raspberrypi"}
{"data":[],"order":["U","I","T","R"],"time":"2019-06-14 15:54:33","id":"raspberrypi"}
{"data":[],"order":["U","I","T","R"],"time":"2019-06-14 15:54:42","id":"raspberrypi"}
{"data":[],"time":"2019-06-14 15:55:41","id":"raspberrypi","order":["U","I","T","R"]}
{"data":[],"time":"2019-06-14 15:55:44","id":"raspberrypi","order":["U","I","T","R"]}
{"data":[],"time":"2019-06-14 15:56:17","id":"raspberrypi","order":["U","I","T","R"]}
{"data":[],"time":"2019-06-14 15:56:29","id":"raspberrypi","order":["U","I","T","R"]}
{"data":[],"time":"2019-06-14 15:56:49","id":"raspberrypi","order":["U","I","T","R"]}
{"data":[],"time":"2019-06-14 15:56:58","id":"raspberrypi","order":["U","I","T","R"]}
{"data":[],"time":"2019-06-14 15:57:11","id":"raspberrypi","order":["U","I","T","R"]}
{"data":[],"time":"2019-06-14 15:57:16","id":"raspberrypi","order":["U","I","T","R"]}
{"data":[],"time":"2019-06-14 15:57:18","id":"raspberrypi","order":["U","I","T","R"]}
{"data":[],"time":"2019-06-14 15:57:26","id":"raspberrypi","order":["U","I","T","R"]}
{"data":[],"time":"2019-06-14 15:57:29","id":"raspberrypi","order":["U","I","T","R"]}
{"data":[],"time":"2019-06-14 15:57:31","id":"raspberrypi","order":["U","I","T","R"]}
{"data":[],"time":"2019-06-14 15:58:20","id":"raspberrypi","order":["U","I","T","R"]}
{"data":[],"time":"2019-06-14 15:58:32","id":"raspberrypi","order":["U","I","T","R"]}
{"data":[],"time":"2019-06-14 15:58:34","id":"raspberrypi","order":["U","I","T","R"]}
{"data":[],"time":"2019-06-14 15:59:09","id":"raspberrypi","order":["U","I","T","R"]}
{"data":[],"time":"2019-06-14 15:59:45","id":"raspberrypi","order":["U","I","T","R"]}
{"data":[],"time":"2019-06-14 15:59:47","id":"raspberrypi","order":["U","I","T","R"]}
{"data":[],"time":"2019-06-14 16:00:01","id":"raspberrypi","order":["U","I","T","R"]}
{"data":[],"time":"2019-06-14 16:00:05","id":"raspberrypi","order":["U","I","T","R"]}
{"data":[],"time":"2019-06-14 16:00:11","id":"raspberrypi","order":["U","I","T","R"]}
{"data":[],"time":"2019-06-14 16:01:17","id":"raspberrypi","order":["U","I","T","R"]}
{"data":[],"time":"2019-06-14 16:02:05","id":"raspberrypi","order":["U","I","T","R"]}
{"data":[],"time":"2019-06-14 16:02:10","id":"raspberrypi","order":["U","I","T","R"]}
{"data":[],"time":"2019-06-14 16:02:26","id":"raspberrypi","order":["U","I","T","R"]}
{"data":[],"time":"2019-06-14 16:02:56","id":"raspberrypi","order":["U","I","T","R"]}
{"data":[],"time":"2019-06-14 16:02:58","id":"raspberrypi","order":["U","I","T","R"]}
{"data":[],"time":"2019-06-14 16:03:31","id":"raspberrypi","order":["U","I","T","R"]}
{"data":[],"time":"2019-06-14 16:03:42","id":"raspberrypi","order":["U","I","T","R"]}
{"data":[],"time":"2019-06-14 16:03:59","id":"raspberrypi","order":["U","I","T","R"]}
{"data":[],"time":"2019-06-14 16:05:08","id":"raspberrypi","order":["U","I","T","R"]}
{"data":[],"time":"2019-06-14 16:05:12","id":"raspberrypi","order":["U","I","T","R"]}
{"data":[],"time":"2019-06-14 16:06:05","id":"raspberrypi","order":["U","I","T","R"]}
{"data":[],"time":"2019-06-14 16:06:08","id":"raspberrypi","order":["U","I","T","R"]}
{"data":[],"time":"2019-06-14 16:06:10","id":"raspberrypi","order":["U","I","T","R"]}
{"data":[],"time":"2019-06-14 16:07:07","id":"raspberrypi","order":["U","I","T","R"]}
{"data":[],"time":"2019-06-14 16:07:37","id":"raspberrypi","order":["U","I","T","R"]}
{"data":[],"time":"2019-06-14 16:07:39","id":"raspberrypi","order":["U","I","T","R"]}
{"data":[],"time":"2019-06-14 16:07:49","id":"raspberrypi","order":["U","I","T","R"]}
{"data":[],"time":"2019-06-14 16:07:52","id":"raspberrypi","order":["U","I","T","R"]}
{"data":[],"time":"2019-06-14 16:08:01","id":"raspberrypi","order":["U","I","T","R"]}
{"data":[],"time":"2019-06-14 16:08:36","id":"raspberrypi","order":["U","I","T","R"]}
{"data":[],"time":"2019-06-14 16:08:55","id":"raspberrypi","order":["U","I","T","R"]}
{"data":[],"time":"2019-06-14 16:09:14","id":"raspberrypi","order":["U","I","T","R"]}
{"data":[],"time":"2019-06-14 16:09:34","id":"raspberrypi","order":["U","I","T","R"]}
{"data":[],"time":"2019-06-14 16:09:45","id":"raspberrypi","order":["U","I","T","R"]}
{"data":[],"time":"2019-06-14 16:09:48","id":"raspberrypi","order":["U","I","T","R"]}
{"data":[],"time":"2019-06-14 16:09:52","id":"raspberrypi","order":["U","I","T","R"]}
{"data":[],"time":"2019-06-14 16:10:07","id":"raspberrypi","order":["U","I","T","R"]}
{"data":[],"time":"2019-06-14 16:10:21","id":"raspberrypi","order":["U","I","T","R"]}
{"data":[],"time":"2019-06-14 16:10:45","id":"raspberrypi","order":["U","I","T","R"]}
{"data":[],"time":"2019-06-14 16:11:28","id":"raspberrypi","order":["U","I","T","R"]}
{"data":[],"time":"2019-06-14 16:11:30","id":"raspberrypi","order":["U","I","T","R"]}
{"data":[],"time":"2019-06-14 16:12:56","id":"raspberrypi","order":["U","I","T","R"]}
{"data":[],"time":"2019-06-14 16:13:00","id":"raspberrypi","order":["U","I","T","R"]}
{"data":[],"time":"2019-06-14 16:13:56","id":"raspberrypi","order":["U","I","T","R"]}
{"data":[],"time":"2019-06-14 16:15:23","id":"raspberrypi","order":["U","I","T","R"]}
{"data":[],"time":"2019-06-14 16:15:53","id":"raspberrypi","order":["U","I","T","R"]}
{"data":[],"time":"2019-06-14 16:16:27","id":"raspberrypi","order":["U","I","T","R"]}
{"data":[],"time":"2019-06-14 16:16:41","id":"raspberrypi","order":["U","I","T","R"]}
{"data":[],"time":"2019-06-14 16:17:09","id":"raspberrypi","order":["U","I","T","R"]}
{"data":[],"time":"2019-06-14 16:17:39","id":"raspberrypi","order":["U","I","T","R"]}
{"id":"raspberrypi","time":"2019-06-14 16:25:04","order":["U","I","T","R"],"data":[]}
{"id":"raspberrypi","time":"2019-06-14 16:25:14","order":["U","I","T","R"],"data":[]}
{"id":"raspberrypi","time":"2019-06-14 16:25:51","order":["U","I","T","R"],"data":[]}
{"id":"raspberrypi","time":"2019-06-14 16:25:53","order":["U","I","T","R"],"data":[]}
{"id":"raspberrypi","time":"2019-06-14 16:26:09","order":["U","I","T","R"],"data":[]}
{"id":"raspberrypi","time":"2019-06-14 16:26:29","order":["U","I","T","R"],"data":[]}
{"id":"raspberrypi","time":"2019-06-14 16:26:31","order":["U","I","T","R"],"data":[]}
{"order":["U","I","T","R"],"id":"raspberrypi","time":"2019-06-14 16:27:25","data":[]}
{"time":"2019-06-14 16:28:20","order":["U","I","T","R"],"data":[],"id":"raspberrypi"}
{"time":"2019-06-14 16:28:24","order":["U","I","T","R"],"data":[],"id":"raspberrypi"}
{"time":"2019-06-14 16:29:06","order":["U","I","T","R"],"data":[],"id":"raspberrypi"}
{"time":"2019-06-14 16:29:12","order":["U","I","T","R"],"data":[],"id":"raspberrypi"}
{"time":"2019-06-14 16:29:19","order":["U","I","T","R"],"data":[],"id":"raspberrypi"}
{"time":"2019-06-14 16:29:20","order":["U","I","T","R"],"data":[],"id":"raspberrypi"}
{"time":"2019-06-14 16:29:31","order":["U","I","T","R"],"data":[],"id":"raspberrypi"}
{"time":"2019-06-14 16:29:40","order":["U","I","T","R"],"data":[],"id":"raspberrypi"}
{"time":"2019-06-14 16:29:59","order":["U","I","T","R"],"data":[],"id":"raspberrypi"}
{"time":"2019-06-14 16:30:07","order":["U","I","T","R"],"data":[],"id":"raspberrypi"}
{"time":"2019-06-14 16:30:14","order":["U","I","T","R"],"data":[],"id":"raspberrypi"}
{"time":"2019-06-14 16:30:32","order":["U","I","T","R"],"data":[],"id":"raspberrypi"}
{"time":"2019-06-14 16:30:35","order":["U","I","T","R"],"data":[],"id":"raspberrypi"}
{"id":"raspberrypi","data":[],"time":"2019-06-14 16:43:15","order":["U","I","T","R"]}
{"id":"raspberrypi","data":[],"time":"2019-06-14 16:43:23","order":["U","I","T","R"]}
{"id":"raspberrypi","data":[],"time":"2019-06-14 16:43:26","order":["U","I","T","R"]}
{"id":"raspberrypi","data":[],"time":"2019-06-14 16:43:48","order":["U","I","T","R"]}
{"id":"raspberrypi","data":[],"time":"2019-06-14 16:45:10","order":["U","I","T","R"]}
{"id":"raspberrypi","data":[],"time":"2019-06-14 16:45:30","order":["U","I","T","R"]}
{"id":"raspberrypi","data":[],"time":"2019-06-14 16:45:36","order":["U","I","T","R"]}
{"id":"raspberrypi","data":[],"time":"2019-06-14 16:45:46","order":["U","I","T","R"]}
{"id":"raspberrypi","data":[],"time":"2019-06-14 16:45:52","order":["U","I","T","R"]}
{"id":"raspberrypi","data":[],"time":"2019-06-14 16:45:55","order":["U","I","T","R"]}
{"id":"raspberrypi","data":[],"time":"2019-06-14 16:46:21","order":["U","I","T","R"]}
{"id":"raspberrypi","data":[],"time":"2019-06-14 16:46:52","order":["U","I","T","R"]}
{"id":"raspberrypi","data":[],"time":"2019-06-14 16:47:26","order":["U","I","T","R"]}
{"id":"raspberrypi","data":[],"time":"2019-06-14 16:47:36","order":["U","I","T","R"]}
